<?xml version="1.0" encoding="UTF-8"?>
<testng-results ignored="0" total="1" passed="1" failed="0" skipped="0">
  <reporter-output>
  </reporter-output>
  <suite started-at="2020-02-05T18:08:25Z" name="BDD Test Suite" finished-at="2020-02-05T18:09:50Z" duration-ms="85277">
    <groups>
      <group name="cucumber">
        <method signature="RunCucumberTest.feature(cucumber.api.testng.CucumberFeatureWrapper)[pri:0, instance:com.cucumber.runner.RunCucumberTest@3eb738bb]" name="feature" class="com.cucumber.runner.RunCucumberTest"/>
      </group> <!-- cucumber -->
    </groups>
    <test started-at="2020-02-05T18:08:25Z" name="Regression Test" finished-at="2020-02-05T18:09:50Z" duration-ms="85277">
      <class name="com.cucumber.runner.RunCucumberTest">
        <test-method is-config="true" signature="setUpClass()[pri:0, instance:com.cucumber.runner.RunCucumberTest@3eb738bb]" started-at="2020-02-05T18:08:25Z" name="setUpClass" finished-at="2020-02-05T18:08:26Z" duration-ms="513" status="PASS">
          <reporter-output>
          </reporter-output>
        </test-method> <!-- setUpClass -->
        <test-method signature="feature(cucumber.api.testng.CucumberFeatureWrapper)[pri:0, instance:com.cucumber.runner.RunCucumberTest@3eb738bb]" started-at="2020-02-05T18:08:26Z" name="feature" description="Runs Cucumber Feature" data-provider="features" finished-at="2020-02-05T18:09:48Z" duration-ms="82050" status="PASS">
          <params>
            <param index="0">
              <value>
                <![CDATA[Search]]>
              </value>
            </param>
          </params>
          <reporter-output>
          </reporter-output>
        </test-method> <!-- feature -->
        <test-method is-config="true" signature="tearDownClass()[pri:0, instance:com.cucumber.runner.RunCucumberTest@3eb738bb]" started-at="2020-02-05T18:09:48Z" name="tearDownClass" finished-at="2020-02-05T18:09:50Z" duration-ms="2560" status="PASS">
          <reporter-output>
          </reporter-output>
        </test-method> <!-- tearDownClass -->
      </class> <!-- com.cucumber.runner.RunCucumberTest -->
    </test> <!-- Regression Test -->
  </suite> <!-- BDD Test Suite -->
</testng-results>
