<?xml version="1.0" encoding="UTF-8"?>
<testng-results ignored="0" total="0" passed="0" failed="0" skipped="0">
  <reporter-output>
  </reporter-output>
  <suite started-at="2020-02-01T14:31:12Z" name="BDD Test Suite" finished-at="2020-02-01T14:31:12Z" duration-ms="7">
    <groups>
    </groups>
    <test started-at="2020-02-01T14:31:12Z" name="Regression Test" finished-at="2020-02-01T14:31:12Z" duration-ms="7">
    </test> <!-- Regression Test -->
  </suite> <!-- BDD Test Suite -->
</testng-results>
